2021-06-30 16:13:18.176  INFO 9264 --- [XNIO-1 I/O-3] lavalink.server.io.SocketServer          : Connection closed from /127.0.0.1:54430 -- CloseStatus[code=1006, reason=]
2021-06-30 16:13:18.193  INFO 9264 --- [XNIO-1 I/O-3] lavalink.server.io.SocketContext         : Shutting down 0 playing players.
2021-06-30 16:13:20.120  INFO 9264 --- [XNIO-1 task-5] l.server.io.HandshakeInterceptorImpl     : Incoming connection from /127.0.0.1:59297
2021-06-30 16:13:20.150  INFO 9264 --- [XNIO-1 task-5] lavalink.server.io.SocketServer          : Connection successfully established from /127.0.0.1:59297
2021-06-30 17:49:05.761  INFO 8428 --- [main] lavalink.server.Launcher                 : 

[32m       .  [31m _                  _ _       _    [32m__ _ _
[32m      /\\ [31m| | __ ___   ____ _| (_)_ __ | | __[32m\ \ \ \
[32m     ( ( )[31m| |/ _` \ \ / / _` | | | '_ \| |/ /[32m \ \ \ \
[32m      \\/ [31m| | (_| |\ V / (_| | | | | | |   < [32m  ) ) ) )
[32m       '  [31m|_|\__,_| \_/ \__,_|_|_|_| |_|_|\_\[32m / / / /
[0m    =========================================[32m/_/_/_/[0m

	Version:        2ac6bf4e0dcab9ba7493b0494316b8bee698913d-SNAPSHOT
	Build:          1232
	Build time:     20.04.2021 07:05:21 UTC
	Branch          master
	Commit:         2ac6bf4
	Commit time:    20.04.2021 07:02:46 UTC
	JVM:            16.0.1
	Lavaplayer      1.3.76

2021-06-30 17:49:05.950  INFO 8428 --- [main] o.s.boot.SpringApplication               : 
  .   ____          _            __ _ _
 /\\ / ___'_ __ _ _(_)_ __  __ _ \ \ \ \
( ( )\___ | '_ | '_| | '_ \/ _` | \ \ \ \
 \\/  ___)| |_)| | | | | || (_| |  ) ) ) )
  '  |____| .__|_| |_|_| |_\__, | / / / /
 =========|_|==============|___/=/_/_/_/
 :: Spring Boot ::        (v2.1.8.RELEASE)


2021-06-30 17:49:06.296  INFO 8428 --- [main] lavalink.server.Launcher                 : Starting Launcher on DESKTOP-CLO8M5Q with PID 8428 (C:\Users\DELL\Documents\Bots\AvioDev\Lavalink.jar started by DELL in C:\Users\DELL\Documents\Bots\AvioDev)
2021-06-30 17:49:06.300  INFO 8428 --- [main] lavalink.server.Launcher                 : No active profile set, falling back to default profiles: default
2021-06-30 17:49:06.466  WARN 8428 --- [background-preinit] o.s.h.c.j.Jackson2ObjectMapperBuilder    : For Jackson Kotlin classes support please add "com.fasterxml.jackson.module:jackson-module-kotlin" to the classpath
2021-06-30 17:49:09.849  WARN 8428 --- [main] io.undertow.websockets.jsr               : UT026010: Buffer pool was not set on WebSocketDeploymentInfo, the default pool will be used
2021-06-30 17:49:09.901  INFO 8428 --- [main] io.undertow.servlet                      : Initializing Spring embedded WebApplicationContext
2021-06-30 17:49:09.902  INFO 8428 --- [main] o.s.web.context.ContextLoader            : Root WebApplicationContext: initialization completed in 3500 ms
2021-06-30 17:49:11.180  WARN 8428 --- [main] l.server.config.SentryConfiguration      : Turning off sentry
2021-06-30 17:49:11.754  INFO 8428 --- [main] c.s.d.l.tools.GarbageCollectionMonitor   : GC monitoring enabled, reporting results every 2 minutes.
2021-06-30 17:49:12.345  INFO 8428 --- [main] lavalink.server.config.KoeConfiguration  : OS: Windows 10, Arch: amd64
2021-06-30 17:49:12.345  WARN 8428 --- [main] lavalink.server.config.KoeConfiguration  : This system and architecture appears to not support native audio sending! GC pauses may cause your bot to stutter during playback.
2021-06-30 17:49:13.161  INFO 8428 --- [main] o.s.s.concurrent.ThreadPoolTaskExecutor  : Initializing ExecutorService 'applicationTaskExecutor'
2021-06-30 17:49:13.926  INFO 8428 --- [main] org.xnio                                 : XNIO version 3.3.8.Final
2021-06-30 17:49:13.951  INFO 8428 --- [main] org.xnio.nio                             : XNIO NIO Implementation Version 3.3.8.Final
2021-06-30 17:49:14.297  INFO 8428 --- [main] o.s.b.w.e.u.UndertowServletWebServer     : Undertow started on port(s) 1000 (http) with context path ''
2021-06-30 17:49:14.394  INFO 8428 --- [main] lavalink.server.Launcher                 : Started Launcher in 10.111 seconds (JVM running for 11.198)
2021-06-30 17:49:14.399  INFO 8428 --- [main] lavalink.server.Launcher                 : You can safely ignore the big red warning about illegal reflection. See https://github.com/freyacodes/Lavalink/issues/295
2021-06-30 17:49:23.641  INFO 8428 --- [XNIO-1 task-1] io.undertow.servlet                      : Initializing Spring DispatcherServlet 'dispatcherServlet'
2021-06-30 17:49:23.644  INFO 8428 --- [XNIO-1 task-1] o.s.web.servlet.DispatcherServlet        : Initializing Servlet 'dispatcherServlet'
2021-06-30 17:49:23.658  INFO 8428 --- [XNIO-1 task-1] o.s.web.servlet.DispatcherServlet        : Completed initialization in 14 ms
2021-06-30 17:49:23.716  INFO 8428 --- [XNIO-1 task-1] l.server.io.HandshakeInterceptorImpl     : Incoming connection from /127.0.0.1:52098
2021-06-30 17:49:23.910  INFO 8428 --- [XNIO-1 task-1] lavalink.server.io.SocketServer          : Connection successfully established from /127.0.0.1:52098
2021-06-30 17:53:43.684  INFO 8428 --- [XNIO-1 I/O-3] lavalink.server.io.SocketServer          : Connection closed from /127.0.0.1:52098 -- CloseStatus[code=1006, reason=]
2021-06-30 17:53:43.686  INFO 8428 --- [XNIO-1 I/O-3] lavalink.server.io.SocketContext         : Shutting down 0 playing players.
2021-06-30 17:53:45.639  INFO 8428 --- [XNIO-1 task-2] l.server.io.HandshakeInterceptorImpl     : Incoming connection from /127.0.0.1:55882
2021-06-30 17:53:45.646  INFO 8428 --- [XNIO-1 task-2] lavalink.server.io.SocketServer          : Connection successfully established from /127.0.0.1:55882
